2019-03-20 14:56:40 [scrapy.utils.log] INFO: Scrapy 1.6.0 started (bot: film_crawl)
2019-03-20 14:56:40 [scrapy.utils.log] INFO: Versions: lxml 4.3.2.0, libxml2 2.9.9, cssselect 1.0.3, parsel 1.5.1, w3lib 1.20.0, Twisted 18.9.0, Python 3.6.7 (default, Mar  8 2019, 20:20:40) - [GCC 4.2.1 Compatible Apple LLVM 10.0.0 (clang-1000.10.44.4)], pyOpenSSL 19.0.0 (OpenSSL 1.1.1b  26 Feb 2019), cryptography 2.6.1, Platform Darwin-18.2.0-x86_64-i386-64bit
2019-03-20 14:56:40 [scrapy.crawler] INFO: Overridden settings: {'BOT_NAME': 'film_crawl', 'LOG_FILE': 'logs/films/maoyan/4e847f7a4add11e9bad7acbc327cdb77.log', 'NEWSPIDER_MODULE': 'film_crawl.spiders', 'SPIDER_MODULES': ['film_crawl.spiders']}
2019-03-20 14:56:40 [scrapy.extensions.telnet] INFO: Telnet Password: 35d069a38509f843
2019-03-20 14:56:40 [scrapy.middleware] INFO: Enabled extensions:
['scrapy.extensions.corestats.CoreStats',
 'scrapy.extensions.telnet.TelnetConsole',
 'scrapy.extensions.memusage.MemoryUsage',
 'scrapy.extensions.logstats.LogStats']
2019-03-20 14:56:40 [scrapy.middleware] INFO: Enabled downloader middlewares:
['scrapy.downloadermiddlewares.httpauth.HttpAuthMiddleware',
 'scrapy.downloadermiddlewares.downloadtimeout.DownloadTimeoutMiddleware',
 'scrapy.downloadermiddlewares.defaultheaders.DefaultHeadersMiddleware',
 'scrapy.downloadermiddlewares.useragent.UserAgentMiddleware',
 'film_crawl.middlewares.RandomUserAgentMiddleware',
 'scrapy.downloadermiddlewares.retry.RetryMiddleware',
 'scrapy.downloadermiddlewares.redirect.MetaRefreshMiddleware',
 'scrapy.downloadermiddlewares.httpcompression.HttpCompressionMiddleware',
 'scrapy.downloadermiddlewares.redirect.RedirectMiddleware',
 'scrapy.downloadermiddlewares.cookies.CookiesMiddleware',
 'scrapy.downloadermiddlewares.httpproxy.HttpProxyMiddleware',
 'scrapy.downloadermiddlewares.stats.DownloaderStats']
2019-03-20 14:56:40 [scrapy.middleware] INFO: Enabled spider middlewares:
['scrapy.spidermiddlewares.httperror.HttpErrorMiddleware',
 'scrapy.spidermiddlewares.offsite.OffsiteMiddleware',
 'scrapy.spidermiddlewares.referer.RefererMiddleware',
 'scrapy.spidermiddlewares.urllength.UrlLengthMiddleware',
 'scrapy.spidermiddlewares.depth.DepthMiddleware']
2019-03-20 14:56:40 [scrapy.middleware] INFO: Enabled item pipelines:
['film_crawl.pipelines.GenderPipeline',
 'film_crawl.pipelines.CityPipeline',
 'film_crawl.pipelines.MysqlPipeline']
2019-03-20 14:56:40 [scrapy.core.engine] INFO: Spider opened
2019-03-20 14:56:40 [scrapy.extensions.logstats] INFO: Crawled 0 pages (at 0 pages/min), scraped 0 items (at 0 items/min)
2019-03-20 14:56:40 [scrapy.extensions.telnet] INFO: Telnet console listening on 127.0.0.1:6024
2019-03-20 14:56:40 [scrapy.core.engine] DEBUG: Crawled (200) <GET http://api.maoyan.com/mmdb/movie/v5/410629.json> (referer: None)
2019-03-20 14:56:40 [scrapy.core.scraper] DEBUG: Scraped from <200 http://api.maoyan.com/mmdb/movie/v5/410629.json>
{'dra': '未来26世纪，科技发展，人类与机械改造人共存，弱肉强食是钢铁城唯一的生存法则。依德（克里斯托夫·沃尔兹 '
        '饰）是钢铁城著名的改造人医生，他在垃圾场发现了一个半机械少女残躯，依德医生将其拯救后为她取名阿丽塔（罗莎·萨拉扎尔 '
        '饰）。阿丽塔虽然重获生命却失去了记忆，如一个新生儿一样对这个世界充满新鲜感。在依德医生与好友雨果（基恩·约翰逊 '
        '饰）的帮助下，她逐步适应着新生活和街头险恶。一次偶然的机会，阿丽塔发现自己竟有着惊人的战斗天赋。 '
        '一次次猎杀激发着她的觉醒，阿丽塔逐渐明白自己注定为战斗而生，为正义而战。一场揭开自己身世之谜，并打破宇宙旧秩序的史诗级冒险之旅就这样展开。',
 'enm': 'Alita: Battle Angel',
 'img': 'https://p0.meituan.net/movie/fc4dd6cd0c6f7db566a128cc05c475355664427.jpg',
 'info': '{"movie_id": 410629, "name": '
         '"\\u963f\\u4e3d\\u5854\\uff1a\\u6218\\u6597\\u5929\\u4f7f", "enm": '
         '"Alita: Battle Angel", "type": '
         '"\\u52a8\\u4f5c,\\u5192\\u9669,\\u79d1\\u5e7b", "region": '
         '"\\u7f8e\\u56fd", "lang": "\\u82f1\\u8bed", "score": 9.0, '
         '"release_time": "2019-02-22", "img": '
         '"https://p0.meituan.net/movie/fc4dd6cd0c6f7db566a128cc05c475355664427.jpg", '
         '"videourl": '
         '"http://maoyan.meituan.net/movie/videos/854x48075423efd241a4c5f8cfa718b0af7009e.mp4"}',
 'lang': '英语',
 'movie_id': 410629,
 'name': '阿丽塔：战斗天使',
 'region': '美国',
 'release_time': '2019-02-22',
 'score': 9.0,
 'type': '动作,冒险,科幻',
 'videourl': 'http://maoyan.meituan.net/movie/videos/854x48075423efd241a4c5f8cfa718b0af7009e.mp4'}
2019-03-20 14:56:40 [urllib3.connectionpool] DEBUG: Starting new HTTPS connection (1): maoyan.com:443
2019-03-20 14:56:41 [urllib3.connectionpool] DEBUG: https://maoyan.com:443 "GET /films/410629 HTTP/1.1" 200 29603
2019-03-20 14:56:41 [root] ERROR: dictionary update sequence element #0 has length 1; 2 is required
2019-03-20 14:56:41 [scrapy.core.engine] INFO: Closing spider (finished)
2019-03-20 14:56:41 [scrapy.statscollectors] INFO: Dumping Scrapy stats:
{'downloader/request_bytes': 306,
 'downloader/request_count': 1,
 'downloader/request_method_count/GET': 1,
 'downloader/response_bytes': 2421,
 'downloader/response_count': 1,
 'downloader/response_status_count/200': 1,
 'finish_reason': 'finished',
 'finish_time': datetime.datetime(2019, 3, 20, 6, 56, 41, 356570),
 'item_scraped_count': 1,
 'log_count/DEBUG': 4,
 'log_count/ERROR': 1,
 'log_count/INFO': 9,
 'memusage/max': 62083072,
 'memusage/startup': 62074880,
 'response_received_count': 1,
 'scheduler/dequeued': 1,
 'scheduler/dequeued/memory': 1,
 'scheduler/enqueued': 1,
 'scheduler/enqueued/memory': 1,
 'start_time': datetime.datetime(2019, 3, 20, 6, 56, 40, 330336)}
2019-03-20 14:56:41 [scrapy.core.engine] INFO: Spider closed (finished)
