2019-03-16 18:00:59 [scrapy.utils.log] INFO: Scrapy 1.6.0 started (bot: film_crawl)
2019-03-16 18:00:59 [scrapy.utils.log] INFO: Versions: lxml 4.3.2.0, libxml2 2.9.9, cssselect 1.0.3, parsel 1.5.1, w3lib 1.20.0, Twisted 18.9.0, Python 3.6.7 (default, Mar  8 2019, 20:20:40) - [GCC 4.2.1 Compatible Apple LLVM 10.0.0 (clang-1000.10.44.4)], pyOpenSSL 19.0.0 (OpenSSL 1.1.1b  26 Feb 2019), cryptography 2.6.1, Platform Darwin-18.2.0-x86_64-i386-64bit
2019-03-16 18:00:59 [scrapy.crawler] INFO: Overridden settings: {'BOT_NAME': 'film_crawl', 'LOG_FILE': 'logs/film/maoyan/63a70fa447d211e999f3acbc327cdb77.log', 'NEWSPIDER_MODULE': 'film_crawl.spiders', 'SPIDER_MODULES': ['film_crawl.spiders']}
2019-03-16 18:00:59 [scrapy.extensions.telnet] INFO: Telnet Password: f5242f78531ac9b0
2019-03-16 18:00:59 [scrapy.middleware] INFO: Enabled extensions:
['scrapy.extensions.corestats.CoreStats',
 'scrapy.extensions.telnet.TelnetConsole',
 'scrapy.extensions.memusage.MemoryUsage',
 'scrapy.extensions.logstats.LogStats']
2019-03-16 18:00:59 [twisted] CRITICAL: Unhandled error in Deferred:
2019-03-16 18:00:59 [twisted] CRITICAL: 
Traceback (most recent call last):
  File "/usr/local/var/pyenv/versions/3.6.7/envs/film_project/lib/python3.6/site-packages/twisted/internet/defer.py", line 1418, in _inlineCallbacks
    result = g.send(result)
  File "/usr/local/var/pyenv/versions/3.6.7/envs/film_project/lib/python3.6/site-packages/scrapy/crawler.py", line 79, in crawl
    self.spider = self._create_spider(*args, **kwargs)
  File "/usr/local/var/pyenv/versions/3.6.7/envs/film_project/lib/python3.6/site-packages/scrapy/crawler.py", line 102, in _create_spider
    return self.spidercls.from_crawler(self, *args, **kwargs)
  File "/usr/local/var/pyenv/versions/3.6.7/envs/film_project/lib/python3.6/site-packages/scrapy/spiders/__init__.py", line 51, in from_crawler
    spider = cls(*args, **kwargs)
TypeError: __init__() got an unexpected keyword argument '_job'
